{"contracts/MultiSigWallet.sol":{"l":{"38":21,"39":19,"43":15,"44":15,"48":15,"49":13,"53":8,"54":8,"60":8,"61":8,"63":8,"64":24,"66":24,"67":24,"69":24,"70":24,"73":8,"79":5,"84":4,"85":4,"95":4,"101":4,"107":8,"109":8,"111":8,"112":8,"114":8,"120":1,"122":1,"124":1,"125":1,"127":1,"134":4,"136":4,"137":2,"139":2,"141":2,"143":2,"150":0,"152":0,"153":0,"155":0,"156":0,"157":0,"159":0,"164":0,"169":0,"176":1,"177":1,"189":0,"194":0},"path":"/home/user/gbc/courses/advance-smc/project/MultiSigWallet/contracts/MultiSigWallet.sol","s":{"1":21,"2":15,"3":15,"4":8,"5":8,"6":8,"7":8,"8":24,"9":24,"10":24,"11":24,"12":24,"13":8,"14":4,"15":4,"16":4,"17":4,"18":8,"19":8,"20":8,"21":8,"22":8,"23":1,"24":1,"25":1,"26":1,"27":1,"28":4,"29":4,"30":2,"31":2,"32":2,"33":2,"34":0,"35":0,"36":0,"37":0,"38":0,"39":0,"40":0,"41":0,"42":0,"43":1,"44":1,"45":0,"46":0},"b":{"1":[19,2],"2":[15,0],"3":[13,2],"4":[8,0],"5":[8,0],"6":[8,0],"7":[24,0],"8":[24,0],"9":[8,0],"10":[1,0],"11":[2,2],"12":[2,0],"13":[0,0],"14":[0,0]},"f":{"1":21,"2":15,"3":15,"4":8,"5":8,"6":4,"7":4,"8":8,"9":1,"10":4,"11":0,"12":0,"13":0,"14":1,"15":0,"16":0},"fnMap":{"1":{"name":"onlyOwner","line":37,"loc":{"start":{"line":37,"column":2},"end":{"line":40,"column":2}}},"2":{"name":"txExists","line":42,"loc":{"start":{"line":42,"column":2},"end":{"line":45,"column":2}}},"3":{"name":"notExecuted","line":47,"loc":{"start":{"line":47,"column":2},"end":{"line":50,"column":2}}},"4":{"name":"notConfirmed","line":52,"loc":{"start":{"line":52,"column":2},"end":{"line":56,"column":2}}},"5":{"name":"constructor","line":59,"loc":{"start":{"line":59,"column":2},"end":{"line":74,"column":2}}},"6":{"name":"_addTransaction","line":83,"loc":{"start":{"line":83,"column":2},"end":{"line":96,"column":2}}},"7":{"name":"submitTransaction","line":100,"loc":{"start":{"line":100,"column":2},"end":{"line":102,"column":2}}},"8":{"name":"confirmTransaction","line":106,"loc":{"start":{"line":106,"column":2},"end":{"line":115,"column":2}}},"9":{"name":"revokeConfirmation","line":119,"loc":{"start":{"line":119,"column":2},"end":{"line":129,"column":2}}},"10":{"name":"executeTransaction","line":133,"loc":{"start":{"line":133,"column":2},"end":{"line":145,"column":2}}},"11":{"name":"verifySignature","line":149,"loc":{"start":{"line":149,"column":2},"end":{"line":160,"column":2}}},"12":{"name":"getOwners","line":163,"loc":{"start":{"line":163,"column":2},"end":{"line":165,"column":2}}},"13":{"name":"getTransactionCount","line":168,"loc":{"start":{"line":168,"column":2},"end":{"line":171,"column":2}}},"14":{"name":"getTransaction","line":174,"loc":{"start":{"line":174,"column":2},"end":{"line":185,"column":2}}},"15":{"name":"getBalance","line":188,"loc":{"start":{"line":188,"column":2},"end":{"line":190,"column":2}}},"16":{"name":"getContractAddress","line":193,"loc":{"start":{"line":193,"column":2},"end":{"line":195,"column":2}}}},"statementMap":{"1":{"start":{"line":38,"column":4},"end":{"line":38,"column":44}},"2":{"start":{"line":43,"column":4},"end":{"line":43,"column":72}},"3":{"start":{"line":48,"column":4},"end":{"line":48,"column":76}},"4":{"start":{"line":53,"column":4},"end":{"line":53,"column":79}},"5":{"start":{"line":60,"column":4},"end":{"line":60,"column":49}},"6":{"start":{"line":61,"column":4},"end":{"line":61,"column":123}},"7":{"start":{"line":63,"column":4},"end":{"line":63,"column":1768}},"8":{"start":{"line":64,"column":6},"end":{"line":64,"column":32}},"9":{"start":{"line":66,"column":6},"end":{"line":66,"column":50}},"10":{"start":{"line":67,"column":6},"end":{"line":67,"column":53}},"11":{"start":{"line":69,"column":6},"end":{"line":69,"column":26}},"12":{"start":{"line":70,"column":6},"end":{"line":70,"column":23}},"13":{"start":{"line":73,"column":4},"end":{"line":73,"column":55}},"14":{"start":{"line":84,"column":4},"end":{"line":84,"column":46}},"15":{"start":{"line":85,"column":4},"end":{"line":85,"column":2382}},"16":{"start":{"line":95,"column":4},"end":{"line":95,"column":67}},"17":{"start":{"line":101,"column":4},"end":{"line":101,"column":47}},"18":{"start":{"line":107,"column":4},"end":{"line":107,"column":60}},"19":{"start":{"line":109,"column":4},"end":{"line":109,"column":116}},"20":{"start":{"line":111,"column":4},"end":{"line":111,"column":36}},"21":{"start":{"line":112,"column":4},"end":{"line":112,"column":43}},"22":{"start":{"line":114,"column":4},"end":{"line":114,"column":49}},"23":{"start":{"line":120,"column":4},"end":{"line":120,"column":60}},"24":{"start":{"line":122,"column":4},"end":{"line":122,"column":74}},"25":{"start":{"line":124,"column":4},"end":{"line":124,"column":36}},"26":{"start":{"line":125,"column":4},"end":{"line":125,"column":44}},"27":{"start":{"line":127,"column":4},"end":{"line":127,"column":49}},"28":{"start":{"line":134,"column":4},"end":{"line":134,"column":60}},"29":{"start":{"line":136,"column":4},"end":{"line":136,"column":150}},"30":{"start":{"line":137,"column":4},"end":{"line":137,"column":30}},"31":{"start":{"line":139,"column":4},"end":{"line":139,"column":86}},"32":{"start":{"line":141,"column":4},"end":{"line":141,"column":32}},"33":{"start":{"line":143,"column":4},"end":{"line":143,"column":49}},"34":{"start":{"line":150,"column":4},"end":{"line":150,"column":92}},"35":{"start":{"line":152,"column":4},"end":{"line":152,"column":61}},"36":{"start":{"line":153,"column":4},"end":{"line":153,"column":33}},"37":{"start":{"line":155,"column":4},"end":{"line":155,"column":103}},"38":{"start":{"line":156,"column":4},"end":{"line":156,"column":53}},"39":{"start":{"line":157,"column":4},"end":{"line":157,"column":43}},"40":{"start":{"line":159,"column":4},"end":{"line":159,"column":43}},"41":{"start":{"line":164,"column":4},"end":{"line":164,"column":17}},"42":{"start":{"line":169,"column":4},"end":{"line":169,"column":30}},"43":{"start":{"line":176,"column":4},"end":{"line":176,"column":60}},"44":{"start":{"line":177,"column":4},"end":{"line":177,"column":5373}},"45":{"start":{"line":189,"column":4},"end":{"line":189,"column":32}},"46":{"start":{"line":194,"column":4},"end":{"line":194,"column":24}}},"branchMap":{"1":{"line":38,"type":"if","locations":[{"start":{"line":38,"column":4},"end":{"line":38,"column":4}},{"start":{"line":38,"column":4},"end":{"line":38,"column":4}}]},"2":{"line":43,"type":"if","locations":[{"start":{"line":43,"column":4},"end":{"line":43,"column":4}},{"start":{"line":43,"column":4},"end":{"line":43,"column":4}}]},"3":{"line":48,"type":"if","locations":[{"start":{"line":48,"column":4},"end":{"line":48,"column":4}},{"start":{"line":48,"column":4},"end":{"line":48,"column":4}}]},"4":{"line":53,"type":"if","locations":[{"start":{"line":53,"column":4},"end":{"line":53,"column":4}},{"start":{"line":53,"column":4},"end":{"line":53,"column":4}}]},"5":{"line":60,"type":"if","locations":[{"start":{"line":60,"column":4},"end":{"line":60,"column":4}},{"start":{"line":60,"column":4},"end":{"line":60,"column":4}}]},"6":{"line":61,"type":"if","locations":[{"start":{"line":61,"column":4},"end":{"line":61,"column":4}},{"start":{"line":61,"column":4},"end":{"line":61,"column":4}}]},"7":{"line":66,"type":"if","locations":[{"start":{"line":66,"column":6},"end":{"line":66,"column":6}},{"start":{"line":66,"column":6},"end":{"line":66,"column":6}}]},"8":{"line":67,"type":"if","locations":[{"start":{"line":67,"column":6},"end":{"line":67,"column":6}},{"start":{"line":67,"column":6},"end":{"line":67,"column":6}}]},"9":{"line":109,"type":"if","locations":[{"start":{"line":109,"column":4},"end":{"line":109,"column":4}},{"start":{"line":109,"column":4},"end":{"line":109,"column":4}}]},"10":{"line":122,"type":"if","locations":[{"start":{"line":122,"column":4},"end":{"line":122,"column":4}},{"start":{"line":122,"column":4},"end":{"line":122,"column":4}}]},"11":{"line":136,"type":"if","locations":[{"start":{"line":136,"column":4},"end":{"line":136,"column":4}},{"start":{"line":136,"column":4},"end":{"line":136,"column":4}}]},"12":{"line":141,"type":"if","locations":[{"start":{"line":141,"column":4},"end":{"line":141,"column":4}},{"start":{"line":141,"column":4},"end":{"line":141,"column":4}}]},"13":{"line":152,"type":"if","locations":[{"start":{"line":152,"column":4},"end":{"line":152,"column":4}},{"start":{"line":152,"column":4},"end":{"line":152,"column":4}}]},"14":{"line":157,"type":"if","locations":[{"start":{"line":157,"column":4},"end":{"line":157,"column":4}},{"start":{"line":157,"column":4},"end":{"line":157,"column":4}}]}}}}