TN:
SF:/home/user/gbc/courses/advance-smc/project/MultiSigWallet/contracts/MultiSigWallet.sol
FN:37,onlyOwner
FN:42,txExists
FN:47,notExecuted
FN:52,notConfirmed
FN:59,constructor
FN:83,_addTransaction
FN:100,submitTransaction
FN:106,confirmTransaction
FN:119,revokeConfirmation
FN:133,executeTransaction
FN:149,verifySignature
FN:163,getOwners
FN:168,getTransactionCount
FN:174,getTransaction
FN:188,getBalance
FN:193,getContractAddress
FNF:16
FNH:11
FNDA:21,onlyOwner
FNDA:15,txExists
FNDA:15,notExecuted
FNDA:8,notConfirmed
FNDA:8,constructor
FNDA:4,_addTransaction
FNDA:4,submitTransaction
FNDA:8,confirmTransaction
FNDA:1,revokeConfirmation
FNDA:4,executeTransaction
FNDA:0,verifySignature
FNDA:0,getOwners
FNDA:0,getTransactionCount
FNDA:1,getTransaction
FNDA:0,getBalance
FNDA:0,getContractAddress
DA:38,21
DA:39,19
DA:43,15
DA:44,15
DA:48,15
DA:49,13
DA:53,8
DA:54,8
DA:60,8
DA:61,8
DA:63,8
DA:64,24
DA:66,24
DA:67,24
DA:69,24
DA:70,24
DA:73,8
DA:79,5
DA:84,4
DA:85,4
DA:95,4
DA:101,4
DA:107,8
DA:109,8
DA:111,8
DA:112,8
DA:114,8
DA:120,1
DA:122,1
DA:124,1
DA:125,1
DA:127,1
DA:134,4
DA:136,4
DA:137,2
DA:139,2
DA:141,2
DA:143,2
DA:150,0
DA:152,0
DA:153,0
DA:155,0
DA:156,0
DA:157,0
DA:159,0
DA:164,0
DA:169,0
DA:176,1
DA:177,1
DA:189,0
DA:194,0
LF:51
LH:40
BRDA:38,1,0,19
BRDA:38,1,1,2
BRDA:43,2,0,15
BRDA:43,2,1,0
BRDA:48,3,0,13
BRDA:48,3,1,2
BRDA:53,4,0,8
BRDA:53,4,1,0
BRDA:60,5,0,8
BRDA:60,5,1,0
BRDA:61,6,0,8
BRDA:61,6,1,0
BRDA:66,7,0,24
BRDA:66,7,1,0
BRDA:67,8,0,24
BRDA:67,8,1,0
BRDA:109,9,0,8
BRDA:109,9,1,0
BRDA:122,10,0,1
BRDA:122,10,1,0
BRDA:136,11,0,2
BRDA:136,11,1,2
BRDA:141,12,0,2
BRDA:141,12,1,0
BRDA:152,13,0,0
BRDA:152,13,1,0
BRDA:157,14,0,0
BRDA:157,14,1,0
BRF:28
BRH:15
end_of_record
